        -:    0:Source:/usr/include/gtest/gtest-printers.h
        -:    0:Graph:../cov-EasyMath.gcno
        -:    0:Data:../cov-EasyMath.gcda
        -:    0:Runs:1
        -:    1:// Copyright 2007, Google Inc.
        -:    2:// All rights reserved.
        -:    3://
        -:    4:// Redistribution and use in source and binary forms, with or without
        -:    5:// modification, are permitted provided that the following conditions are
        -:    6:// met:
        -:    7://
        -:    8://     * Redistributions of source code must retain the above copyright
        -:    9:// notice, this list of conditions and the following disclaimer.
        -:   10://     * Redistributions in binary form must reproduce the above
        -:   11:// copyright notice, this list of conditions and the following disclaimer
        -:   12:// in the documentation and/or other materials provided with the
        -:   13:// distribution.
        -:   14://     * Neither the name of Google Inc. nor the names of its
        -:   15:// contributors may be used to endorse or promote products derived from
        -:   16:// this software without specific prior written permission.
        -:   17://
        -:   18:// THIS SOFTWARE IS PROVIDED BY THE COPYRIGHT HOLDERS AND CONTRIBUTORS
        -:   19:// "AS IS" AND ANY EXPRESS OR IMPLIED WARRANTIES, INCLUDING, BUT NOT
        -:   20:// LIMITED TO, THE IMPLIED WARRANTIES OF MERCHANTABILITY AND FITNESS FOR
        -:   21:// A PARTICULAR PURPOSE ARE DISCLAIMED. IN NO EVENT SHALL THE COPYRIGHT
        -:   22:// OWNER OR CONTRIBUTORS BE LIABLE FOR ANY DIRECT, INDIRECT, INCIDENTAL,
        -:   23:// SPECIAL, EXEMPLARY, OR CONSEQUENTIAL DAMAGES (INCLUDING, BUT NOT
        -:   24:// LIMITED TO, PROCUREMENT OF SUBSTITUTE GOODS OR SERVICES; LOSS OF USE,
        -:   25:// DATA, OR PROFITS; OR BUSINESS INTERRUPTION) HOWEVER CAUSED AND ON ANY
        -:   26:// THEORY OF LIABILITY, WHETHER IN CONTRACT, STRICT LIABILITY, OR TORT
        -:   27:// (INCLUDING NEGLIGENCE OR OTHERWISE) ARISING IN ANY WAY OUT OF THE USE
        -:   28:// OF THIS SOFTWARE, EVEN IF ADVISED OF THE POSSIBILITY OF SUCH DAMAGE.
        -:   29:
        -:   30:
        -:   31:// Google Test - The Google C++ Testing and Mocking Framework
        -:   32://
        -:   33:// This file implements a universal value printer that can print a
        -:   34:// value of any type T:
        -:   35://
        -:   36://   void ::testing::internal::UniversalPrinter<T>::Print(value, ostream_ptr);
        -:   37://
        -:   38:// A user can teach this function how to print a class type T by
        -:   39:// defining either operator<<() or PrintTo() in the namespace that
        -:   40:// defines T.  More specifically, the FIRST defined function in the
        -:   41:// following list will be used (assuming T is defined in namespace
        -:   42:// foo):
        -:   43://
        -:   44://   1. foo::PrintTo(const T&, ostream*)
        -:   45://   2. operator<<(ostream&, const T&) defined in either foo or the
        -:   46://      global namespace.
        -:   47://
        -:   48:// However if T is an STL-style container then it is printed element-wise
        -:   49:// unless foo::PrintTo(const T&, ostream*) is defined. Note that
        -:   50:// operator<<() is ignored for container types.
        -:   51://
        -:   52:// If none of the above is defined, it will print the debug string of
        -:   53:// the value if it is a protocol buffer, or print the raw bytes in the
        -:   54:// value otherwise.
        -:   55://
        -:   56:// To aid debugging: when T is a reference type, the address of the
        -:   57:// value is also printed; when T is a (const) char pointer, both the
        -:   58:// pointer value and the NUL-terminated string it points to are
        -:   59:// printed.
        -:   60://
        -:   61:// We also provide some convenient wrappers:
        -:   62://
        -:   63://   // Prints a value to a string.  For a (const or not) char
        -:   64://   // pointer, the NUL-terminated string (but not the pointer) is
        -:   65://   // printed.
        -:   66://   std::string ::testing::PrintToString(const T& value);
        -:   67://
        -:   68://   // Prints a value tersely: for a reference type, the referenced
        -:   69://   // value (but not the address) is printed; for a (const or not) char
        -:   70://   // pointer, the NUL-terminated string (but not the pointer) is
        -:   71://   // printed.
        -:   72://   void ::testing::internal::UniversalTersePrint(const T& value, ostream*);
        -:   73://
        -:   74://   // Prints value using the type inferred by the compiler.  The difference
        -:   75://   // from UniversalTersePrint() is that this function prints both the
        -:   76://   // pointer and the NUL-terminated string for a (const or not) char pointer.
        -:   77://   void ::testing::internal::UniversalPrint(const T& value, ostream*);
        -:   78://
        -:   79://   // Prints the fields of a tuple tersely to a string vector, one
        -:   80://   // element for each field. Tuple support must be enabled in
        -:   81://   // gtest-port.h.
        -:   82://   std::vector<string> UniversalTersePrintTupleFieldsToStrings(
        -:   83://       const Tuple& value);
        -:   84://
        -:   85:// Known limitation:
        -:   86://
        -:   87:// The print primitives print the elements of an STL-style container
        -:   88:// using the compiler-inferred type of *iter where iter is a
        -:   89:// const_iterator of the container.  When const_iterator is an input
        -:   90:// iterator but not a forward iterator, this inferred type may not
        -:   91:// match value_type, and the print output may be incorrect.  In
        -:   92:// practice, this is rarely a problem as for most containers
        -:   93:// const_iterator is a forward iterator.  We'll fix this if there's an
        -:   94:// actual need for it.  Note that this fix cannot rely on value_type
        -:   95:// being defined as many user-defined container types don't have
        -:   96:// value_type.
        -:   97:
        -:   98:// GOOGLETEST_CM0001 DO NOT DELETE
        -:   99:
        -:  100:#ifndef GTEST_INCLUDE_GTEST_GTEST_PRINTERS_H_
        -:  101:#define GTEST_INCLUDE_GTEST_GTEST_PRINTERS_H_
        -:  102:
        -:  103:#include <functional>
        -:  104:#include <ostream>  // NOLINT
        -:  105:#include <sstream>
        -:  106:#include <string>
        -:  107:#include <tuple>
        -:  108:#include <type_traits>
        -:  109:#include <utility>
        -:  110:#include <vector>
        -:  111:#include "gtest/internal/gtest-internal.h"
        -:  112:#include "gtest/internal/gtest-port.h"
        -:  113:
        -:  114:#if GTEST_HAS_ABSL
        -:  115:#include "absl/strings/string_view.h"
        -:  116:#endif  // GTEST_HAS_ABSL
        -:  117:
        -:  118:namespace testing {
        -:  119:
        -:  120:// Definitions in the internal* namespaces are subject to change without notice.
        -:  121:// DO NOT USE THEM IN USER CODE!
        -:  122:namespace internal {
        -:  123:
        -:  124:template <typename T>
        -:  125:void UniversalPrint(const T& value, ::std::ostream* os);
        -:  126:
        -:  127:// Used to print an STL-style container when the user doesn't define
        -:  128:// a PrintTo() for it.
        -:  129:struct ContainerPrinter {
        -:  130:  template <typename T,
        -:  131:            typename = typename std::enable_if<
        -:  132:                (sizeof(IsContainerTest<T>(0)) == sizeof(IsContainer)) &&
        -:  133:                !IsRecursiveContainer<T>::value>::type>
        -:  134:  static void PrintValue(const T& container, std::ostream* os) {
        -:  135:    const size_t kMaxCount = 32;  // The maximum number of elements to print.
        -:  136:    *os << '{';
        -:  137:    size_t count = 0;
        -:  138:    for (auto&& elem : container) {
        -:  139:      if (count > 0) {
        -:  140:        *os << ',';
        -:  141:        if (count == kMaxCount) {  // Enough has been printed.
        -:  142:          *os << " ...";
        -:  143:          break;
        -:  144:        }
        -:  145:      }
        -:  146:      *os << ' ';
        -:  147:      // We cannot call PrintTo(elem, os) here as PrintTo() doesn't
        -:  148:      // handle `elem` being a native array.
        -:  149:      internal::UniversalPrint(elem, os);
        -:  150:      ++count;
        -:  151:    }
        -:  152:
        -:  153:    if (count > 0) {
        -:  154:      *os << ' ';
        -:  155:    }
        -:  156:    *os << '}';
        -:  157:  }
        -:  158:};
        -:  159:
        -:  160:// Used to print a pointer that is neither a char pointer nor a member
        -:  161:// pointer, when the user doesn't define PrintTo() for it.  (A member
        -:  162:// variable pointer or member function pointer doesn't really point to
        -:  163:// a location in the address space.  Their representation is
        -:  164:// implementation-defined.  Therefore they will be printed as raw
        -:  165:// bytes.)
        -:  166:struct FunctionPointerPrinter {
        -:  167:  template <typename T, typename = typename std::enable_if<
        -:  168:                            std::is_function<T>::value>::type>
        -:  169:  static void PrintValue(T* p, ::std::ostream* os) {
        -:  170:    if (p == nullptr) {
        -:  171:      *os << "NULL";
        -:  172:    } else {
        -:  173:      // T is a function type, so '*os << p' doesn't do what we want
        -:  174:      // (it just prints p as bool).  We want to print p as a const
        -:  175:      // void*.
        -:  176:      *os << reinterpret_cast<const void*>(p);
        -:  177:    }
        -:  178:  }
        -:  179:};
        -:  180:
        -:  181:struct PointerPrinter {
        -:  182:  template <typename T>
        -:  183:  static void PrintValue(T* p, ::std::ostream* os) {
        -:  184:    if (p == nullptr) {
        -:  185:      *os << "NULL";
        -:  186:    } else {
        -:  187:      // T is not a function type.  We just call << to print p,
        -:  188:      // relying on ADL to pick up user-defined << for their pointer
        -:  189:      // types, if any.
        -:  190:      *os << p;
        -:  191:    }
        -:  192:  }
        -:  193:};
        -:  194:
        -:  195:namespace internal_stream_operator_without_lexical_name_lookup {
        -:  196:
        -:  197:// The presence of an operator<< here will terminate lexical scope lookup
        -:  198:// straight away (even though it cannot be a match because of its argument
        -:  199:// types). Thus, the two operator<< calls in StreamPrinter will find only ADL
        -:  200:// candidates.
        -:  201:struct LookupBlocker {};
        -:  202:void operator<<(LookupBlocker, LookupBlocker);
        -:  203:
        -:  204:struct StreamPrinter {
        -:  205:  template <typename T,
        -:  206:            // Don't accept member pointers here. We'd print them via implicit
        -:  207:            // conversion to bool, which isn't useful.
        -:  208:            typename = typename std::enable_if<
        -:  209:                !std::is_member_pointer<T>::value>::type,
        -:  210:            // Only accept types for which we can find a streaming operator via
        -:  211:            // ADL (possibly involving implicit conversions).
        -:  212:            typename = decltype(std::declval<std::ostream&>()
        -:  213:                                << std::declval<const T&>())>
    #####:  214:  static void PrintValue(const T& value, ::std::ostream* os) {
        -:  215:    // Call streaming operator found by ADL, possibly with implicit conversions
        -:  216:    // of the arguments.
    #####:  217:    *os << value;
    #####:  218:  }
------------------
_ZN7testing8internal52internal_stream_operator_without_lexical_name_lookup13StreamPrinter10PrintValueIivRSoEEvRKT_PSo:
    #####:  214:  static void PrintValue(const T& value, ::std::ostream* os) {
        -:  215:    // Call streaming operator found by ADL, possibly with implicit conversions
        -:  216:    // of the arguments.
    #####:  217:    *os << value;
    #####:  218:  }
------------------
_ZN7testing8internal52internal_stream_operator_without_lexical_name_lookup13StreamPrinter10PrintValueIdvRSoEEvRKT_PSo:
    #####:  214:  static void PrintValue(const T& value, ::std::ostream* os) {
        -:  215:    // Call streaming operator found by ADL, possibly with implicit conversions
        -:  216:    // of the arguments.
    #####:  217:    *os << value;
    #####:  218:  }
------------------
        -:  219:};
        -:  220:
        -:  221:}  // namespace internal_stream_operator_without_lexical_name_lookup
        -:  222:
        -:  223:struct ProtobufPrinter {
        -:  224:  // We print a protobuf using its ShortDebugString() when the string
        -:  225:  // doesn't exceed this many characters; otherwise we print it using
        -:  226:  // DebugString() for better readability.
        -:  227:  static const size_t kProtobufOneLinerMaxLength = 50;
        -:  228:
        -:  229:  template <typename T,
        -:  230:            typename = typename std::enable_if<
        -:  231:                internal::HasDebugStringAndShortDebugString<T>::value>::type>
        -:  232:  static void PrintValue(const T& value, ::std::ostream* os) {
        -:  233:    std::string pretty_str = value.ShortDebugString();
        -:  234:    if (pretty_str.length() > kProtobufOneLinerMaxLength) {
        -:  235:      pretty_str = "\n" + value.DebugString();
        -:  236:    }
        -:  237:    *os << ("<" + pretty_str + ">");
        -:  238:  }
        -:  239:};
        -:  240:
        -:  241:struct ConvertibleToIntegerPrinter {
        -:  242:  // Since T has no << operator or PrintTo() but can be implicitly
        -:  243:  // converted to BiggestInt, we print it as a BiggestInt.
        -:  244:  //
        -:  245:  // Most likely T is an enum type (either named or unnamed), in which
        -:  246:  // case printing it as an integer is the desired behavior.  In case
        -:  247:  // T is not an enum, printing it as an integer is the best we can do
        -:  248:  // given that it has no user-defined printer.
        -:  249:  static void PrintValue(internal::BiggestInt value, ::std::ostream* os) {
        -:  250:    *os << value;
        -:  251:  }
        -:  252:};
        -:  253:
        -:  254:struct ConvertibleToStringViewPrinter {
        -:  255:#if GTEST_INTERNAL_HAS_STRING_VIEW
        -:  256:  static void PrintValue(internal::StringView value, ::std::ostream* os) {
        -:  257:    internal::UniversalPrint(value, os);
        -:  258:  }
        -:  259:#endif
        -:  260:};
        -:  261:
        -:  262:
        -:  263:// Prints the given number of bytes in the given object to the given
        -:  264:// ostream.
        -:  265:GTEST_API_ void PrintBytesInObjectTo(const unsigned char* obj_bytes,
        -:  266:                                     size_t count,
        -:  267:                                     ::std::ostream* os);
        -:  268:struct FallbackPrinter {
        -:  269:  template <typename T>
        -:  270:  static void PrintValue(const T& value, ::std::ostream* os) {
        -:  271:    PrintBytesInObjectTo(
        -:  272:        static_cast<const unsigned char*>(
        -:  273:            reinterpret_cast<const void*>(std::addressof(value))),
        -:  274:        sizeof(value), os);
        -:  275:  }
        -:  276:};
        -:  277:
        -:  278:// Try every printer in order and return the first one that works.
        -:  279:template <typename T, typename E, typename Printer, typename... Printers>
        -:  280:struct FindFirstPrinter : FindFirstPrinter<T, E, Printers...> {};
        -:  281:
        -:  282:template <typename T, typename Printer, typename... Printers>
        -:  283:struct FindFirstPrinter<
        -:  284:    T, decltype(Printer::PrintValue(std::declval<const T&>(), nullptr)),
        -:  285:    Printer, Printers...> {
        -:  286:  using type = Printer;
        -:  287:};
        -:  288:
        -:  289:// Select the best printer in the following order:
        -:  290://  - Print containers (they have begin/end/etc).
        -:  291://  - Print function pointers.
        -:  292://  - Print object pointers.
        -:  293://  - Use the stream operator, if available.
        -:  294://  - Print protocol buffers.
        -:  295://  - Print types convertible to BiggestInt.
        -:  296://  - Print types convertible to StringView, if available.
        -:  297://  - Fallback to printing the raw bytes of the object.
        -:  298:template <typename T>
    #####:  299:void PrintWithFallback(const T& value, ::std::ostream* os) {
        -:  300:  using Printer = typename FindFirstPrinter<
        -:  301:      T, void, ContainerPrinter, FunctionPointerPrinter, PointerPrinter,
        -:  302:      internal_stream_operator_without_lexical_name_lookup::StreamPrinter,
        -:  303:      ProtobufPrinter, ConvertibleToIntegerPrinter,
        -:  304:      ConvertibleToStringViewPrinter, FallbackPrinter>::type;
    #####:  305:  Printer::PrintValue(value, os);
    #####:  306:}
------------------
_ZN7testing8internal17PrintWithFallbackIiEEvRKT_PSo:
    #####:  299:void PrintWithFallback(const T& value, ::std::ostream* os) {
        -:  300:  using Printer = typename FindFirstPrinter<
        -:  301:      T, void, ContainerPrinter, FunctionPointerPrinter, PointerPrinter,
        -:  302:      internal_stream_operator_without_lexical_name_lookup::StreamPrinter,
        -:  303:      ProtobufPrinter, ConvertibleToIntegerPrinter,
        -:  304:      ConvertibleToStringViewPrinter, FallbackPrinter>::type;
    #####:  305:  Printer::PrintValue(value, os);
    #####:  306:}
------------------
_ZN7testing8internal17PrintWithFallbackIdEEvRKT_PSo:
    #####:  299:void PrintWithFallback(const T& value, ::std::ostream* os) {
        -:  300:  using Printer = typename FindFirstPrinter<
        -:  301:      T, void, ContainerPrinter, FunctionPointerPrinter, PointerPrinter,
        -:  302:      internal_stream_operator_without_lexical_name_lookup::StreamPrinter,
        -:  303:      ProtobufPrinter, ConvertibleToIntegerPrinter,
        -:  304:      ConvertibleToStringViewPrinter, FallbackPrinter>::type;
    #####:  305:  Printer::PrintValue(value, os);
    #####:  306:}
------------------
        -:  307:
        -:  308:// FormatForComparison<ToPrint, OtherOperand>::Format(value) formats a
        -:  309:// value of type ToPrint that is an operand of a comparison assertion
        -:  310:// (e.g. ASSERT_EQ).  OtherOperand is the type of the other operand in
        -:  311:// the comparison, and is used to help determine the best way to
        -:  312:// format the value.  In particular, when the value is a C string
        -:  313:// (char pointer) and the other operand is an STL string object, we
        -:  314:// want to format the C string as a string, since we know it is
        -:  315:// compared by value with the string object.  If the value is a char
        -:  316:// pointer but the other operand is not an STL string object, we don't
        -:  317:// know whether the pointer is supposed to point to a NUL-terminated
        -:  318:// string, and thus want to print it as a pointer to be safe.
        -:  319://
        -:  320:// INTERNAL IMPLEMENTATION - DO NOT USE IN A USER PROGRAM.
        -:  321:
        -:  322:// The default case.
        -:  323:template <typename ToPrint, typename OtherOperand>
        -:  324:class FormatForComparison {
        -:  325: public:
    #####:  326:  static ::std::string Format(const ToPrint& value) {
    #####:  327:    return ::testing::PrintToString(value);
        -:  328:  }
------------------
_ZN7testing8internal19FormatForComparisonIdiE6FormatB5cxx11ERKd:
    #####:  326:  static ::std::string Format(const ToPrint& value) {
    #####:  327:    return ::testing::PrintToString(value);
        -:  328:  }
------------------
_ZN7testing8internal19FormatForComparisonIidE6FormatB5cxx11ERKi:
    #####:  326:  static ::std::string Format(const ToPrint& value) {
    #####:  327:    return ::testing::PrintToString(value);
        -:  328:  }
------------------
_ZN7testing8internal19FormatForComparisonIddE6FormatB5cxx11ERKd:
    #####:  326:  static ::std::string Format(const ToPrint& value) {
    #####:  327:    return ::testing::PrintToString(value);
        -:  328:  }
------------------
        -:  329:};
        -:  330:
        -:  331:// Array.
        -:  332:template <typename ToPrint, size_t N, typename OtherOperand>
        -:  333:class FormatForComparison<ToPrint[N], OtherOperand> {
        -:  334: public:
        -:  335:  static ::std::string Format(const ToPrint* value) {
        -:  336:    return FormatForComparison<const ToPrint*, OtherOperand>::Format(value);
        -:  337:  }
        -:  338:};
        -:  339:
        -:  340:// By default, print C string as pointers to be safe, as we don't know
        -:  341:// whether they actually point to a NUL-terminated string.
        -:  342:
        -:  343:#define GTEST_IMPL_FORMAT_C_STRING_AS_POINTER_(CharType)                \
        -:  344:  template <typename OtherOperand>                                      \
        -:  345:  class FormatForComparison<CharType*, OtherOperand> {                  \
        -:  346:   public:                                                              \
        -:  347:    static ::std::string Format(CharType* value) {                      \
        -:  348:      return ::testing::PrintToString(static_cast<const void*>(value)); \
        -:  349:    }                                                                   \
        -:  350:  }
        -:  351:
        -:  352:GTEST_IMPL_FORMAT_C_STRING_AS_POINTER_(char);
        -:  353:GTEST_IMPL_FORMAT_C_STRING_AS_POINTER_(const char);
        -:  354:GTEST_IMPL_FORMAT_C_STRING_AS_POINTER_(wchar_t);
        -:  355:GTEST_IMPL_FORMAT_C_STRING_AS_POINTER_(const wchar_t);
        -:  356:#ifdef __cpp_char8_t
        -:  357:GTEST_IMPL_FORMAT_C_STRING_AS_POINTER_(char8_t);
        -:  358:GTEST_IMPL_FORMAT_C_STRING_AS_POINTER_(const char8_t);
        -:  359:#endif
        -:  360:GTEST_IMPL_FORMAT_C_STRING_AS_POINTER_(char16_t);
        -:  361:GTEST_IMPL_FORMAT_C_STRING_AS_POINTER_(const char16_t);
        -:  362:GTEST_IMPL_FORMAT_C_STRING_AS_POINTER_(char32_t);
        -:  363:GTEST_IMPL_FORMAT_C_STRING_AS_POINTER_(const char32_t);
        -:  364:
        -:  365:#undef GTEST_IMPL_FORMAT_C_STRING_AS_POINTER_
        -:  366:
        -:  367:// If a C string is compared with an STL string object, we know it's meant
        -:  368:// to point to a NUL-terminated string, and thus can print it as a string.
        -:  369:
        -:  370:#define GTEST_IMPL_FORMAT_C_STRING_AS_STRING_(CharType, OtherStringType) \
        -:  371:  template <>                                                           \
        -:  372:  class FormatForComparison<CharType*, OtherStringType> {               \
        -:  373:   public:                                                              \
        -:  374:    static ::std::string Format(CharType* value) {                      \
        -:  375:      return ::testing::PrintToString(value);                           \
        -:  376:    }                                                                   \
        -:  377:  }
        -:  378:
        -:  379:GTEST_IMPL_FORMAT_C_STRING_AS_STRING_(char, ::std::string);
        -:  380:GTEST_IMPL_FORMAT_C_STRING_AS_STRING_(const char, ::std::string);
        -:  381:#ifdef __cpp_char8_t
        -:  382:GTEST_IMPL_FORMAT_C_STRING_AS_STRING_(char8_t, ::std::u8string);
        -:  383:GTEST_IMPL_FORMAT_C_STRING_AS_STRING_(const char8_t, ::std::u8string);
        -:  384:#endif
        -:  385:GTEST_IMPL_FORMAT_C_STRING_AS_STRING_(char16_t, ::std::u16string);
        -:  386:GTEST_IMPL_FORMAT_C_STRING_AS_STRING_(const char16_t, ::std::u16string);
        -:  387:GTEST_IMPL_FORMAT_C_STRING_AS_STRING_(char32_t, ::std::u32string);
        -:  388:GTEST_IMPL_FORMAT_C_STRING_AS_STRING_(const char32_t, ::std::u32string);
        -:  389:
        -:  390:#if GTEST_HAS_STD_WSTRING
        -:  391:GTEST_IMPL_FORMAT_C_STRING_AS_STRING_(wchar_t, ::std::wstring);
        -:  392:GTEST_IMPL_FORMAT_C_STRING_AS_STRING_(const wchar_t, ::std::wstring);
        -:  393:#endif
        -:  394:
        -:  395:#undef GTEST_IMPL_FORMAT_C_STRING_AS_STRING_
        -:  396:
        -:  397:// Formats a comparison assertion (e.g. ASSERT_EQ, EXPECT_LT, and etc)
        -:  398:// operand to be used in a failure message.  The type (but not value)
        -:  399:// of the other operand may affect the format.  This allows us to
        -:  400:// print a char* as a raw pointer when it is compared against another
        -:  401:// char* or void*, and print it as a C string when it is compared
        -:  402:// against an std::string object, for example.
        -:  403://
        -:  404:// INTERNAL IMPLEMENTATION - DO NOT USE IN A USER PROGRAM.
        -:  405:template <typename T1, typename T2>
    #####:  406:std::string FormatForComparisonFailureMessage(
        -:  407:    const T1& value, const T2& /* other_operand */) {
    #####:  408:  return FormatForComparison<T1, T2>::Format(value);
        -:  409:}
------------------
_ZN7testing8internal33FormatForComparisonFailureMessageIdiEENSt7__cxx1112basic_stringIcSt11char_traitsIcESaIcEEERKT_RKT0_:
    #####:  406:std::string FormatForComparisonFailureMessage(
        -:  407:    const T1& value, const T2& /* other_operand */) {
    #####:  408:  return FormatForComparison<T1, T2>::Format(value);
        -:  409:}
------------------
_ZN7testing8internal33FormatForComparisonFailureMessageIidEENSt7__cxx1112basic_stringIcSt11char_traitsIcESaIcEEERKT_RKT0_:
    #####:  406:std::string FormatForComparisonFailureMessage(
        -:  407:    const T1& value, const T2& /* other_operand */) {
    #####:  408:  return FormatForComparison<T1, T2>::Format(value);
        -:  409:}
------------------
_ZN7testing8internal33FormatForComparisonFailureMessageIddEENSt7__cxx1112basic_stringIcSt11char_traitsIcESaIcEEERKT_RKT0_:
    #####:  406:std::string FormatForComparisonFailureMessage(
        -:  407:    const T1& value, const T2& /* other_operand */) {
    #####:  408:  return FormatForComparison<T1, T2>::Format(value);
        -:  409:}
------------------
        -:  410:
        -:  411:// UniversalPrinter<T>::Print(value, ostream_ptr) prints the given
        -:  412:// value to the given ostream.  The caller must ensure that
        -:  413:// 'ostream_ptr' is not NULL, or the behavior is undefined.
        -:  414://
        -:  415:// We define UniversalPrinter as a class template (as opposed to a
        -:  416:// function template), as we need to partially specialize it for
        -:  417:// reference types, which cannot be done with function templates.
        -:  418:template <typename T>
        -:  419:class UniversalPrinter;
        -:  420:
        -:  421:// Prints the given value using the << operator if it has one;
        -:  422:// otherwise prints the bytes in it.  This is what
        -:  423:// UniversalPrinter<T>::Print() does when PrintTo() is not specialized
        -:  424:// or overloaded for type T.
        -:  425://
        -:  426:// A user can override this behavior for a class type Foo by defining
        -:  427:// an overload of PrintTo() in the namespace where Foo is defined.  We
        -:  428:// give the user this option as sometimes defining a << operator for
        -:  429:// Foo is not desirable (e.g. the coding style may prevent doing it,
        -:  430:// or there is already a << operator but it doesn't do what the user
        -:  431:// wants).
        -:  432:template <typename T>
    #####:  433:void PrintTo(const T& value, ::std::ostream* os) {
    #####:  434:  internal::PrintWithFallback(value, os);
    #####:  435:}
------------------
_ZN7testing8internal7PrintToIiEEvRKT_PSo:
    #####:  433:void PrintTo(const T& value, ::std::ostream* os) {
    #####:  434:  internal::PrintWithFallback(value, os);
    #####:  435:}
------------------
_ZN7testing8internal7PrintToIdEEvRKT_PSo:
    #####:  433:void PrintTo(const T& value, ::std::ostream* os) {
    #####:  434:  internal::PrintWithFallback(value, os);
    #####:  435:}
------------------
        -:  436:
        -:  437:// The following list of PrintTo() overloads tells
        -:  438:// UniversalPrinter<T>::Print() how to print standard types (built-in
        -:  439:// types, strings, plain arrays, and pointers).
        -:  440:
        -:  441:// Overloads for various char types.
        -:  442:GTEST_API_ void PrintTo(unsigned char c, ::std::ostream* os);
        -:  443:GTEST_API_ void PrintTo(signed char c, ::std::ostream* os);
        -:  444:inline void PrintTo(char c, ::std::ostream* os) {
        -:  445:  // When printing a plain char, we always treat it as unsigned.  This
        -:  446:  // way, the output won't be affected by whether the compiler thinks
        -:  447:  // char is signed or not.
        -:  448:  PrintTo(static_cast<unsigned char>(c), os);
        -:  449:}
        -:  450:
        -:  451:// Overloads for other simple built-in types.
        -:  452:inline void PrintTo(bool x, ::std::ostream* os) {
        -:  453:  *os << (x ? "true" : "false");
        -:  454:}
        -:  455:
        -:  456:// Overload for wchar_t type.
        -:  457:// Prints a wchar_t as a symbol if it is printable or as its internal
        -:  458:// code otherwise and also as its decimal code (except for L'\0').
        -:  459:// The L'\0' char is printed as "L'\\0'". The decimal code is printed
        -:  460:// as signed integer when wchar_t is implemented by the compiler
        -:  461:// as a signed type and is printed as an unsigned integer when wchar_t
        -:  462:// is implemented as an unsigned type.
        -:  463:GTEST_API_ void PrintTo(wchar_t wc, ::std::ostream* os);
        -:  464:
        -:  465:GTEST_API_ void PrintTo(char32_t c, ::std::ostream* os);
        -:  466:inline void PrintTo(char16_t c, ::std::ostream* os) {
        -:  467:  PrintTo(ImplicitCast_<char32_t>(c), os);
        -:  468:}
        -:  469:#ifdef __cpp_char8_t
        -:  470:inline void PrintTo(char8_t c, ::std::ostream* os) {
        -:  471:  PrintTo(ImplicitCast_<char32_t>(c), os);
        -:  472:}
        -:  473:#endif
        -:  474:
        -:  475:// Overloads for C strings.
        -:  476:GTEST_API_ void PrintTo(const char* s, ::std::ostream* os);
        -:  477:inline void PrintTo(char* s, ::std::ostream* os) {
        -:  478:  PrintTo(ImplicitCast_<const char*>(s), os);
        -:  479:}
        -:  480:
        -:  481:// signed/unsigned char is often used for representing binary data, so
        -:  482:// we print pointers to it as void* to be safe.
        -:  483:inline void PrintTo(const signed char* s, ::std::ostream* os) {
        -:  484:  PrintTo(ImplicitCast_<const void*>(s), os);
        -:  485:}
        -:  486:inline void PrintTo(signed char* s, ::std::ostream* os) {
        -:  487:  PrintTo(ImplicitCast_<const void*>(s), os);
        -:  488:}
        -:  489:inline void PrintTo(const unsigned char* s, ::std::ostream* os) {
        -:  490:  PrintTo(ImplicitCast_<const void*>(s), os);
        -:  491:}
        -:  492:inline void PrintTo(unsigned char* s, ::std::ostream* os) {
        -:  493:  PrintTo(ImplicitCast_<const void*>(s), os);
        -:  494:}
        -:  495:#ifdef __cpp_char8_t
        -:  496:inline void PrintTo(const char8_t* s, ::std::ostream* os) {
        -:  497:  PrintTo(ImplicitCast_<const void*>(s), os);
        -:  498:}
        -:  499:inline void PrintTo(char8_t* s, ::std::ostream* os) {
        -:  500:  PrintTo(ImplicitCast_<const void*>(s), os);
        -:  501:}
        -:  502:#endif
        -:  503:inline void PrintTo(const char16_t* s, ::std::ostream* os) {
        -:  504:  PrintTo(ImplicitCast_<const void*>(s), os);
        -:  505:}
        -:  506:inline void PrintTo(char16_t* s, ::std::ostream* os) {
        -:  507:  PrintTo(ImplicitCast_<const void*>(s), os);
        -:  508:}
        -:  509:inline void PrintTo(const char32_t* s, ::std::ostream* os) {
        -:  510:  PrintTo(ImplicitCast_<const void*>(s), os);
        -:  511:}
        -:  512:inline void PrintTo(char32_t* s, ::std::ostream* os) {
        -:  513:  PrintTo(ImplicitCast_<const void*>(s), os);
        -:  514:}
        -:  515:
        -:  516:// MSVC can be configured to define wchar_t as a typedef of unsigned
        -:  517:// short.  It defines _NATIVE_WCHAR_T_DEFINED when wchar_t is a native
        -:  518:// type.  When wchar_t is a typedef, defining an overload for const
        -:  519:// wchar_t* would cause unsigned short* be printed as a wide string,
        -:  520:// possibly causing invalid memory accesses.
        -:  521:#if !defined(_MSC_VER) || defined(_NATIVE_WCHAR_T_DEFINED)
        -:  522:// Overloads for wide C strings
        -:  523:GTEST_API_ void PrintTo(const wchar_t* s, ::std::ostream* os);
        -:  524:inline void PrintTo(wchar_t* s, ::std::ostream* os) {
        -:  525:  PrintTo(ImplicitCast_<const wchar_t*>(s), os);
        -:  526:}
        -:  527:#endif
        -:  528:
        -:  529:// Overload for C arrays.  Multi-dimensional arrays are printed
        -:  530:// properly.
        -:  531:
        -:  532:// Prints the given number of elements in an array, without printing
        -:  533:// the curly braces.
        -:  534:template <typename T>
        -:  535:void PrintRawArrayTo(const T a[], size_t count, ::std::ostream* os) {
        -:  536:  UniversalPrint(a[0], os);
        -:  537:  for (size_t i = 1; i != count; i++) {
        -:  538:    *os << ", ";
        -:  539:    UniversalPrint(a[i], os);
        -:  540:  }
        -:  541:}
        -:  542:
        -:  543:// Overloads for ::std::string.
        -:  544:GTEST_API_ void PrintStringTo(const ::std::string&s, ::std::ostream* os);
        -:  545:inline void PrintTo(const ::std::string& s, ::std::ostream* os) {
        -:  546:  PrintStringTo(s, os);
        -:  547:}
        -:  548:
        -:  549:// Overloads for ::std::wstring.
        -:  550:#if GTEST_HAS_STD_WSTRING
        -:  551:GTEST_API_ void PrintWideStringTo(const ::std::wstring&s, ::std::ostream* os);
        -:  552:inline void PrintTo(const ::std::wstring& s, ::std::ostream* os) {
        -:  553:  PrintWideStringTo(s, os);
        -:  554:}
        -:  555:#endif  // GTEST_HAS_STD_WSTRING
        -:  556:
        -:  557:#if GTEST_INTERNAL_HAS_STRING_VIEW
        -:  558:// Overload for internal::StringView.
        -:  559:inline void PrintTo(internal::StringView sp, ::std::ostream* os) {
        -:  560:  PrintTo(::std::string(sp), os);
        -:  561:}
        -:  562:#endif  // GTEST_INTERNAL_HAS_STRING_VIEW
        -:  563:
        -:  564:inline void PrintTo(std::nullptr_t, ::std::ostream* os) { *os << "(nullptr)"; }
        -:  565:
        -:  566:template <typename T>
        -:  567:void PrintTo(std::reference_wrapper<T> ref, ::std::ostream* os) {
        -:  568:  UniversalPrinter<T&>::Print(ref.get(), os);
        -:  569:}
        -:  570:
        -:  571:// Helper function for printing a tuple.  T must be instantiated with
        -:  572:// a tuple type.
        -:  573:template <typename T>
        -:  574:void PrintTupleTo(const T&, std::integral_constant<size_t, 0>,
        -:  575:                  ::std::ostream*) {}
        -:  576:
        -:  577:template <typename T, size_t I>
        -:  578:void PrintTupleTo(const T& t, std::integral_constant<size_t, I>,
        -:  579:                  ::std::ostream* os) {
        -:  580:  PrintTupleTo(t, std::integral_constant<size_t, I - 1>(), os);
        -:  581:  GTEST_INTENTIONAL_CONST_COND_PUSH_()
        -:  582:  if (I > 1) {
        -:  583:    GTEST_INTENTIONAL_CONST_COND_POP_()
        -:  584:    *os << ", ";
        -:  585:  }
        -:  586:  UniversalPrinter<typename std::tuple_element<I - 1, T>::type>::Print(
        -:  587:      std::get<I - 1>(t), os);
        -:  588:}
        -:  589:
        -:  590:template <typename... Types>
        -:  591:void PrintTo(const ::std::tuple<Types...>& t, ::std::ostream* os) {
        -:  592:  *os << "(";
        -:  593:  PrintTupleTo(t, std::integral_constant<size_t, sizeof...(Types)>(), os);
        -:  594:  *os << ")";
        -:  595:}
        -:  596:
        -:  597:// Overload for std::pair.
        -:  598:template <typename T1, typename T2>
        -:  599:void PrintTo(const ::std::pair<T1, T2>& value, ::std::ostream* os) {
        -:  600:  *os << '(';
        -:  601:  // We cannot use UniversalPrint(value.first, os) here, as T1 may be
        -:  602:  // a reference type.  The same for printing value.second.
        -:  603:  UniversalPrinter<T1>::Print(value.first, os);
        -:  604:  *os << ", ";
        -:  605:  UniversalPrinter<T2>::Print(value.second, os);
        -:  606:  *os << ')';
        -:  607:}
        -:  608:
        -:  609:// Implements printing a non-reference type T by letting the compiler
        -:  610:// pick the right overload of PrintTo() for T.
        -:  611:template <typename T>
        -:  612:class UniversalPrinter {
        -:  613: public:
        -:  614:  // MSVC warns about adding const to a function type, so we want to
        -:  615:  // disable the warning.
        -:  616:  GTEST_DISABLE_MSC_WARNINGS_PUSH_(4180)
        -:  617:
        -:  618:  // Note: we deliberately don't call this PrintTo(), as that name
        -:  619:  // conflicts with ::testing::internal::PrintTo in the body of the
        -:  620:  // function.
    #####:  621:  static void Print(const T& value, ::std::ostream* os) {
        -:  622:    // By default, ::testing::internal::PrintTo() is used for printing
        -:  623:    // the value.
        -:  624:    //
        -:  625:    // Thanks to Koenig look-up, if T is a class and has its own
        -:  626:    // PrintTo() function defined in its namespace, that function will
        -:  627:    // be visible here.  Since it is more specific than the generic ones
        -:  628:    // in ::testing::internal, it will be picked by the compiler in the
        -:  629:    // following statement - exactly what we want.
    #####:  630:    PrintTo(value, os);
    #####:  631:  }
------------------
_ZN7testing8internal16UniversalPrinterIiE5PrintERKiPSo:
    #####:  621:  static void Print(const T& value, ::std::ostream* os) {
        -:  622:    // By default, ::testing::internal::PrintTo() is used for printing
        -:  623:    // the value.
        -:  624:    //
        -:  625:    // Thanks to Koenig look-up, if T is a class and has its own
        -:  626:    // PrintTo() function defined in its namespace, that function will
        -:  627:    // be visible here.  Since it is more specific than the generic ones
        -:  628:    // in ::testing::internal, it will be picked by the compiler in the
        -:  629:    // following statement - exactly what we want.
    #####:  630:    PrintTo(value, os);
    #####:  631:  }
------------------
_ZN7testing8internal16UniversalPrinterIdE5PrintERKdPSo:
    #####:  621:  static void Print(const T& value, ::std::ostream* os) {
        -:  622:    // By default, ::testing::internal::PrintTo() is used for printing
        -:  623:    // the value.
        -:  624:    //
        -:  625:    // Thanks to Koenig look-up, if T is a class and has its own
        -:  626:    // PrintTo() function defined in its namespace, that function will
        -:  627:    // be visible here.  Since it is more specific than the generic ones
        -:  628:    // in ::testing::internal, it will be picked by the compiler in the
        -:  629:    // following statement - exactly what we want.
    #####:  630:    PrintTo(value, os);
    #####:  631:  }
------------------
        -:  632:
        -:  633:  GTEST_DISABLE_MSC_WARNINGS_POP_()
        -:  634:};
        -:  635:
        -:  636:#if GTEST_INTERNAL_HAS_ANY
        -:  637:
        -:  638:// Printer for std::any / absl::any
        -:  639:
        -:  640:template <>
        -:  641:class UniversalPrinter<Any> {
        -:  642: public:
        -:  643:  static void Print(const Any& value, ::std::ostream* os) {
        -:  644:    if (value.has_value()) {
        -:  645:      *os << "value of type " << GetTypeName(value);
        -:  646:    } else {
        -:  647:      *os << "no value";
        -:  648:    }
        -:  649:  }
        -:  650:
        -:  651: private:
        -:  652:  static std::string GetTypeName(const Any& value) {
        -:  653:#if GTEST_HAS_RTTI
        -:  654:    return internal::GetTypeName(value.type());
        -:  655:#else
        -:  656:    static_cast<void>(value);  // possibly unused
        -:  657:    return "<unknown_type>";
        -:  658:#endif  // GTEST_HAS_RTTI
        -:  659:  }
        -:  660:};
        -:  661:
        -:  662:#endif  // GTEST_INTERNAL_HAS_ANY
        -:  663:
        -:  664:#if GTEST_INTERNAL_HAS_OPTIONAL
        -:  665:
        -:  666:// Printer for std::optional / absl::optional
        -:  667:
        -:  668:template <typename T>
        -:  669:class UniversalPrinter<Optional<T>> {
        -:  670: public:
        -:  671:  static void Print(const Optional<T>& value, ::std::ostream* os) {
        -:  672:    *os << '(';
        -:  673:    if (!value) {
        -:  674:      *os << "nullopt";
        -:  675:    } else {
        -:  676:      UniversalPrint(*value, os);
        -:  677:    }
        -:  678:    *os << ')';
        -:  679:  }
        -:  680:};
        -:  681:
        -:  682:#endif  // GTEST_INTERNAL_HAS_OPTIONAL
        -:  683:
        -:  684:#if GTEST_INTERNAL_HAS_VARIANT
        -:  685:
        -:  686:// Printer for std::variant / absl::variant
        -:  687:
        -:  688:template <typename... T>
        -:  689:class UniversalPrinter<Variant<T...>> {
        -:  690: public:
        -:  691:  static void Print(const Variant<T...>& value, ::std::ostream* os) {
        -:  692:    *os << '(';
        -:  693:#if GTEST_HAS_ABSL
        -:  694:    absl::visit(Visitor{os, value.index()}, value);
        -:  695:#else
        -:  696:    std::visit(Visitor{os, value.index()}, value);
        -:  697:#endif  // GTEST_HAS_ABSL
        -:  698:    *os << ')';
        -:  699:  }
        -:  700:
        -:  701: private:
        -:  702:  struct Visitor {
        -:  703:    template <typename U>
        -:  704:    void operator()(const U& u) const {
        -:  705:      *os << "'" << GetTypeName<U>() << "(index = " << index
        -:  706:          << ")' with value ";
        -:  707:      UniversalPrint(u, os);
        -:  708:    }
        -:  709:    ::std::ostream* os;
        -:  710:    std::size_t index;
        -:  711:  };
        -:  712:};
        -:  713:
        -:  714:#endif  // GTEST_INTERNAL_HAS_VARIANT
        -:  715:
        -:  716:// UniversalPrintArray(begin, len, os) prints an array of 'len'
        -:  717:// elements, starting at address 'begin'.
        -:  718:template <typename T>
        -:  719:void UniversalPrintArray(const T* begin, size_t len, ::std::ostream* os) {
        -:  720:  if (len == 0) {
        -:  721:    *os << "{}";
        -:  722:  } else {
        -:  723:    *os << "{ ";
        -:  724:    const size_t kThreshold = 18;
        -:  725:    const size_t kChunkSize = 8;
        -:  726:    // If the array has more than kThreshold elements, we'll have to
        -:  727:    // omit some details by printing only the first and the last
        -:  728:    // kChunkSize elements.
        -:  729:    if (len <= kThreshold) {
        -:  730:      PrintRawArrayTo(begin, len, os);
        -:  731:    } else {
        -:  732:      PrintRawArrayTo(begin, kChunkSize, os);
        -:  733:      *os << ", ..., ";
        -:  734:      PrintRawArrayTo(begin + len - kChunkSize, kChunkSize, os);
        -:  735:    }
        -:  736:    *os << " }";
        -:  737:  }
        -:  738:}
        -:  739:// This overload prints a (const) char array compactly.
        -:  740:GTEST_API_ void UniversalPrintArray(
        -:  741:    const char* begin, size_t len, ::std::ostream* os);
        -:  742:
        -:  743:// This overload prints a (const) wchar_t array compactly.
        -:  744:GTEST_API_ void UniversalPrintArray(
        -:  745:    const wchar_t* begin, size_t len, ::std::ostream* os);
        -:  746:
        -:  747:// Implements printing an array type T[N].
        -:  748:template <typename T, size_t N>
        -:  749:class UniversalPrinter<T[N]> {
        -:  750: public:
        -:  751:  // Prints the given array, omitting some elements when there are too
        -:  752:  // many.
        -:  753:  static void Print(const T (&a)[N], ::std::ostream* os) {
        -:  754:    UniversalPrintArray(a, N, os);
        -:  755:  }
        -:  756:};
        -:  757:
        -:  758:// Implements printing a reference type T&.
        -:  759:template <typename T>
        -:  760:class UniversalPrinter<T&> {
        -:  761: public:
        -:  762:  // MSVC warns about adding const to a function type, so we want to
        -:  763:  // disable the warning.
        -:  764:  GTEST_DISABLE_MSC_WARNINGS_PUSH_(4180)
        -:  765:
        -:  766:  static void Print(const T& value, ::std::ostream* os) {
        -:  767:    // Prints the address of the value.  We use reinterpret_cast here
        -:  768:    // as static_cast doesn't compile when T is a function type.
        -:  769:    *os << "@" << reinterpret_cast<const void*>(&value) << " ";
        -:  770:
        -:  771:    // Then prints the value itself.
        -:  772:    UniversalPrint(value, os);
        -:  773:  }
        -:  774:
        -:  775:  GTEST_DISABLE_MSC_WARNINGS_POP_()
        -:  776:};
        -:  777:
        -:  778:// Prints a value tersely: for a reference type, the referenced value
        -:  779:// (but not the address) is printed; for a (const) char pointer, the
        -:  780:// NUL-terminated string (but not the pointer) is printed.
        -:  781:
        -:  782:template <typename T>
        -:  783:class UniversalTersePrinter {
        -:  784: public:
    #####:  785:  static void Print(const T& value, ::std::ostream* os) {
    #####:  786:    UniversalPrint(value, os);
    #####:  787:  }
------------------
_ZN7testing8internal21UniversalTersePrinterIiE5PrintERKiPSo:
    #####:  785:  static void Print(const T& value, ::std::ostream* os) {
    #####:  786:    UniversalPrint(value, os);
    #####:  787:  }
------------------
_ZN7testing8internal21UniversalTersePrinterIdE5PrintERKdPSo:
    #####:  785:  static void Print(const T& value, ::std::ostream* os) {
    #####:  786:    UniversalPrint(value, os);
    #####:  787:  }
------------------
        -:  788:};
        -:  789:template <typename T>
        -:  790:class UniversalTersePrinter<T&> {
        -:  791: public:
        -:  792:  static void Print(const T& value, ::std::ostream* os) {
        -:  793:    UniversalPrint(value, os);
        -:  794:  }
        -:  795:};
        -:  796:template <typename T, size_t N>
        -:  797:class UniversalTersePrinter<T[N]> {
        -:  798: public:
        -:  799:  static void Print(const T (&value)[N], ::std::ostream* os) {
        -:  800:    UniversalPrinter<T[N]>::Print(value, os);
        -:  801:  }
        -:  802:};
        -:  803:template <>
        -:  804:class UniversalTersePrinter<const char*> {
        -:  805: public:
        -:  806:  static void Print(const char* str, ::std::ostream* os) {
        -:  807:    if (str == nullptr) {
        -:  808:      *os << "NULL";
        -:  809:    } else {
        -:  810:      UniversalPrint(std::string(str), os);
        -:  811:    }
        -:  812:  }
        -:  813:};
        -:  814:template <>
        -:  815:class UniversalTersePrinter<char*> {
        -:  816: public:
        -:  817:  static void Print(char* str, ::std::ostream* os) {
        -:  818:    UniversalTersePrinter<const char*>::Print(str, os);
        -:  819:  }
        -:  820:};
        -:  821:
        -:  822:#if GTEST_HAS_STD_WSTRING
        -:  823:template <>
        -:  824:class UniversalTersePrinter<const wchar_t*> {
        -:  825: public:
        -:  826:  static void Print(const wchar_t* str, ::std::ostream* os) {
        -:  827:    if (str == nullptr) {
        -:  828:      *os << "NULL";
        -:  829:    } else {
        -:  830:      UniversalPrint(::std::wstring(str), os);
        -:  831:    }
        -:  832:  }
        -:  833:};
        -:  834:#endif
        -:  835:
        -:  836:template <>
        -:  837:class UniversalTersePrinter<wchar_t*> {
        -:  838: public:
        -:  839:  static void Print(wchar_t* str, ::std::ostream* os) {
        -:  840:    UniversalTersePrinter<const wchar_t*>::Print(str, os);
        -:  841:  }
        -:  842:};
        -:  843:
        -:  844:template <typename T>
        -:  845:void UniversalTersePrint(const T& value, ::std::ostream* os) {
        -:  846:  UniversalTersePrinter<T>::Print(value, os);
        -:  847:}
        -:  848:
        -:  849:// Prints a value using the type inferred by the compiler.  The
        -:  850:// difference between this and UniversalTersePrint() is that for a
        -:  851:// (const) char pointer, this prints both the pointer and the
        -:  852:// NUL-terminated string.
        -:  853:template <typename T>
    #####:  854:void UniversalPrint(const T& value, ::std::ostream* os) {
        -:  855:  // A workarond for the bug in VC++ 7.1 that prevents us from instantiating
        -:  856:  // UniversalPrinter with T directly.
        -:  857:  typedef T T1;
    #####:  858:  UniversalPrinter<T1>::Print(value, os);
    #####:  859:}
------------------
_ZN7testing8internal14UniversalPrintIiEEvRKT_PSo:
    #####:  854:void UniversalPrint(const T& value, ::std::ostream* os) {
        -:  855:  // A workarond for the bug in VC++ 7.1 that prevents us from instantiating
        -:  856:  // UniversalPrinter with T directly.
        -:  857:  typedef T T1;
    #####:  858:  UniversalPrinter<T1>::Print(value, os);
    #####:  859:}
------------------
_ZN7testing8internal14UniversalPrintIdEEvRKT_PSo:
    #####:  854:void UniversalPrint(const T& value, ::std::ostream* os) {
        -:  855:  // A workarond for the bug in VC++ 7.1 that prevents us from instantiating
        -:  856:  // UniversalPrinter with T directly.
        -:  857:  typedef T T1;
    #####:  858:  UniversalPrinter<T1>::Print(value, os);
    #####:  859:}
------------------
        -:  860:
        -:  861:typedef ::std::vector< ::std::string> Strings;
        -:  862:
        -:  863:  // Tersely prints the first N fields of a tuple to a string vector,
        -:  864:  // one element for each field.
        -:  865:template <typename Tuple>
        -:  866:void TersePrintPrefixToStrings(const Tuple&, std::integral_constant<size_t, 0>,
        -:  867:                               Strings*) {}
        -:  868:template <typename Tuple, size_t I>
        -:  869:void TersePrintPrefixToStrings(const Tuple& t,
        -:  870:                               std::integral_constant<size_t, I>,
        -:  871:                               Strings* strings) {
        -:  872:  TersePrintPrefixToStrings(t, std::integral_constant<size_t, I - 1>(),
        -:  873:                            strings);
        -:  874:  ::std::stringstream ss;
        -:  875:  UniversalTersePrint(std::get<I - 1>(t), &ss);
        -:  876:  strings->push_back(ss.str());
        -:  877:}
        -:  878:
        -:  879:// Prints the fields of a tuple tersely to a string vector, one
        -:  880:// element for each field.  See the comment before
        -:  881:// UniversalTersePrint() for how we define "tersely".
        -:  882:template <typename Tuple>
        -:  883:Strings UniversalTersePrintTupleFieldsToStrings(const Tuple& value) {
        -:  884:  Strings result;
        -:  885:  TersePrintPrefixToStrings(
        -:  886:      value, std::integral_constant<size_t, std::tuple_size<Tuple>::value>(),
        -:  887:      &result);
        -:  888:  return result;
        -:  889:}
        -:  890:
        -:  891:}  // namespace internal
        -:  892:
        -:  893:template <typename T>
    #####:  894:::std::string PrintToString(const T& value) {
    #####:  895:  ::std::stringstream ss;
    #####:  896:  internal::UniversalTersePrinter<T>::Print(value, &ss);
    #####:  897:  return ss.str();
    #####:  898:}
------------------
_ZN7testing13PrintToStringIiEENSt7__cxx1112basic_stringIcSt11char_traitsIcESaIcEEERKT_:
    #####:  894:::std::string PrintToString(const T& value) {
    #####:  895:  ::std::stringstream ss;
    #####:  896:  internal::UniversalTersePrinter<T>::Print(value, &ss);
    #####:  897:  return ss.str();
    #####:  898:}
------------------
_ZN7testing13PrintToStringIdEENSt7__cxx1112basic_stringIcSt11char_traitsIcESaIcEEERKT_:
    #####:  894:::std::string PrintToString(const T& value) {
    #####:  895:  ::std::stringstream ss;
    #####:  896:  internal::UniversalTersePrinter<T>::Print(value, &ss);
    #####:  897:  return ss.str();
    #####:  898:}
------------------
        -:  899:
        -:  900:}  // namespace testing
        -:  901:
        -:  902:// Include any custom printer added by the local installation.
        -:  903:// We must include this header at the end to make sure it can use the
        -:  904:// declarations from this file.
        -:  905:#include "gtest/internal/custom/gtest-printers.h"
        -:  906:
        -:  907:#endif  // GTEST_INCLUDE_GTEST_GTEST_PRINTERS_H_
